[00:00:54] [Server thread/WARN]: Can't keep up! Is the server overloaded? Running 2746ms or 54 ticks behind
[00:00:59] [Server thread/INFO]: DeadMage has made the advancement [Not Today, Thank You]
[00:01:34] [Server thread/INFO]: <Anghon> no i wasn't trying
[00:01:41] [Server thread/INFO]: <Anghon> i knew daniel would know how to google it
[00:02:53] [Server thread/INFO]: <Anghon> i don't need to sabotage them they can take care of it
[00:03:56] [Server thread/INFO]: <Anghon> ok i'm sleep
[00:04:03] [Server thread/INFO]: <Anghon> ya
[00:04:04] [Server thread/INFO]: <Anghon> game
[00:04:05] [Server thread/INFO]: <Anghon> sleep
[00:04:11] [Server thread/INFO]: <Anghon> legit
[00:04:30] [Server thread/INFO]: <Anghon> 90 percent of the stuff i send in ig i don't remember sending
[00:07:31] [Server thread/INFO]: <Anghon> he pissed off all three of them
[00:09:52] [Server thread/INFO]: <Anghon> hello
[00:10:56] [Server thread/WARN]: Can't keep up! Is the server overloaded? Running 2565ms or 51 ticks behind
[00:12:03] [Server thread/INFO]: <Anghon> you don't?
[00:15:35] [Server thread/INFO]: <Anghon> i can confirm he's not bsing on the spot
[00:15:59] [Server thread/WARN]: Can't keep up! Is the server overloaded? Running 2230ms or 44 ticks behind
[00:18:17] [Server thread/INFO]: <Anghon> you must be fun at parties
[00:18:18] [Server thread/WARN]: Anghon moved wrongly!
[00:18:59] [Server thread/INFO]: <Anghon> have you ever watched the bee movie
[00:19:18] [Server thread/INFO]: <Anghon> there are so many bees
[00:21:01] [Server thread/WARN]: Can't keep up! Is the server overloaded? Running 2086ms or 41 ticks behind
[00:26:03] [Server thread/WARN]: Can't keep up! Is the server overloaded? Running 2277ms or 45 ticks behind
[00:26:54] [Server thread/INFO]: <Anghon> wth
[00:27:04] [Server thread/INFO]: <Anghon> this is a christian server i guess
[00:28:22] [Server thread/INFO]: <Anghon> there are like fifty squids here
[00:28:31] [Server thread/INFO]: <Anghon> never mind
[00:28:32] [Server thread/INFO]: <Anghon> 20
[00:28:56] [Server thread/INFO]: DeadMage has made the advancement [Bee Our Guest]
[00:30:08] [Server thread/WARN]: Anghon moved wrongly!
[00:31:07] [Server thread/WARN]: Can't keep up! Is the server overloaded? Running 3691ms or 73 ticks behind
[00:32:04] [Server thread/INFO]: <Anghon> i can't escape this swamp
[00:32:15] [Server thread/INFO]: <Anghon> i'm in a swamp
[00:32:27] [Server thread/INFO]: <Anghon> i've seen exactly one pumpkin
[00:33:23] [Server thread/INFO]: <Anghon> so one's dead
[00:34:56] [Server thread/INFO]: <Anghon> being afraid of a single bee
[00:35:07] [Server thread/INFO]: <Anghon> i'm lost pick me up
[00:35:19] [Server thread/INFO]: <Anghon> my cat is gone
[00:35:49] [Server thread/WARN]: Anghon moved wrongly!
[00:36:10] [Server thread/WARN]: Anghon moved too quickly! 9.848457466818473,1.0,-1.8115320573394342
[00:36:10] [Server thread/WARN]: Can't keep up! Is the server overloaded? Running 3541ms or 70 ticks behind
[00:36:52] [Server thread/INFO]: <Anghon> i'm high
[00:36:59] [Server thread/INFO]: <Anghon> hi high
[00:37:03] [Server thread/INFO]: <Anghon> you missed your chance
[00:37:13] [Server thread/INFO]: <Anghon> coulda said hi high
[00:38:02] [Server thread/INFO]: <Anghon> alk;sfhhhhhhhhhhhhhhh
[00:41:13] [Server thread/WARN]: Can't keep up! Is the server overloaded? Running 2511ms or 50 ticks behind
[00:42:01] [Server thread/INFO]: <Anghon> ya
[00:42:57] [Server thread/INFO]: <Anghon> wouldn't it be funny if i was the one who fucked everything up instead of daniel
[00:44:00] [Server thread/INFO]: <Anghon> askljfk
[00:44:33] [Server thread/INFO]: DeadMage has made the advancement [Take Aim]
[00:44:50] [Server thread/INFO]: <Anghon> no i'm very not
[00:45:19] [Server thread/INFO]: <Anghon> do bees have predators
[00:45:26] [Server thread/INFO]: <Anghon> WOW HE'S SO POWERFUL
[00:46:01] [Server thread/INFO]: <Anghon> but i'm hungry
[00:46:12] [Server thread/INFO]: <Anghon> will you have the apple
[00:46:14] [Server thread/INFO]: <Anghon> or the bees
[00:46:29] [Server thread/INFO]: <Anghon> cromchy
[00:47:28] [Server thread/INFO]: <Anghon> i'm tired
[00:47:30] [Server thread/INFO]: Anghon fell from a high place
[00:47:42] [Server thread/INFO]: Anghon lost connection: Disconnected
[00:47:42] [Server thread/INFO]: Anghon left the game
[00:51:15] [Server thread/WARN]: Can't keep up! Is the server overloaded? Running 2501ms or 50 ticks behind
[00:54:09] [Server thread/INFO]: DeadMage has made the advancement [Sticky Situation]
[00:54:33] [Server thread/INFO]: Schubird has made the advancement [Sticky Situation]
[01:12:48] [Server thread/WARN]: Fetching packet for removed entity avy['Oak Log'/64241, l='world', x=396.29, y=65.00, z=306.06]
[01:15:54] [Server thread/INFO]: DeadMage was slain by Zombie
[01:16:45] [Server thread/INFO]: Schubird was slain by Spider
[01:17:12] [Server thread/INFO]: DeadMage has made the advancement [Suit Up]
[01:30:42] [Server thread/INFO]: DeadMage lost connection: Disconnected
[01:30:42] [Server thread/INFO]: DeadMage left the game
[01:30:49] [Server thread/INFO]: Stopping server
[01:30:49] [Server thread/INFO]: Saving players
[01:30:49] [Server thread/INFO]: Schubird lost connection: Internal Exception: java.lang.StackOverflowError
[01:30:49] [Server thread/INFO]: Schubird left the game
[01:30:49] [Server thread/INFO]: Saving worlds
[01:30:49] [Server thread/INFO]: Saving chunks for level 'world'/minecraft:the_nether
[01:30:49] [Server thread/INFO]: ThreadedAnvilChunkStorage (DIM-1): All chunks are saved
[01:30:49] [Server thread/INFO]: Saving chunks for level 'world'/minecraft:the_end
[01:30:49] [Server thread/INFO]: ThreadedAnvilChunkStorage (DIM1): All chunks are saved
[01:30:49] [Server thread/INFO]: Saving chunks for level 'world'/minecraft:overworld
[01:30:50] [Server thread/INFO]: ThreadedAnvilChunkStorage (world): All chunks are saved
[01:30:50] [Server thread/INFO]: ThreadedAnvilChunkStorage (DIM-1): All chunks are saved
[01:30:50] [Server thread/INFO]: ThreadedAnvilChunkStorage (DIM1): All chunks are saved
[01:30:50] [Server thread/INFO]: ThreadedAnvilChunkStorage (world): All chunks are saved
